
Cadence Innovus(TM) Implementation System.
Copyright 2024 Cadence Design Systems, Inc. All rights reserved worldwide.

Version:	v23.14-s088_1, built Fri Feb 28 12:25:44 PST 2025
Options:	-stylus 
Date:		Thu Dec 11 15:57:29 2025
Host:		ecs03.poly.edu (x86_64 w/Linux 4.18.0-553.71.1.el8_10.x86_64) (32cores*64cpus*Intel(R) Xeon(R) Gold 6338N CPU @ 2.20GHz 49152KB)
OS:		Red Hat Enterprise Linux 8.10 (Ootpa)

License:
		[15:57:29.268779] Configured Lic search path (23.02-s006): 5281@pyke.poly.edu:/opt/cadence/License/cadence.lic:27020@pyke.poly.edu

		invs	Innovus Implementation System	23.1	checkout succeeded
		8 CPU jobs allowed with the current license(s). Use set_multi_cpu_usage to set your required CPU count.
**ERROR: (IMPOAX-124):	OpenAccess (OA) shared library installation is older than the one that was used to build this Innovus version. For using the OA installation built and tested with this Innovus version, unset the shell variable OA_HOME. For using 'p020' or higher version of OA, reset OA_HOME to point to that installation.
Type 'man IMPOAX-124' for more detail.
**ERROR: (IMPOAX-332):	Failed to initialize OpenAccess (OA) database. OA related commands cannot be run in this session. Confirm that the OA shared library is installed and OA_HOME is set correctly. Typically the OA_HOME environment variable should not be set.
Type 'man IMPOAX-332' for more detail.
INFO: OA features are disabled in this session.


Create and set the environment variable TMPDIR to /home/jy5187/Documents/soc/aes-accelerator/physical_design/runs/innovus_temp_1130137_6ed8cb3c-8437-4419-8b3c-db8654b5260e_ecs03.poly.edu_jy5187_Rmvcuz.

Change the soft stacksize limit to 0.2%RAM (2029 mbytes). Set global soft_stack_size_limit to change the value.
[INFO] Loading PVS 23.11 fill procedures
Info: Process UID = 1130137 / 6ed8cb3c-8437-4419-8b3c-db8654b5260e / JNO5MWZBsD

**INFO:  MMMC transition support version v31-84 

@innovus 1> gui_select -point {0.08000 0.08300}
@innovus 2> 