============================================================
  Generated by:           Genus(TM) Synthesis Solution 23.14-s090_1
  Generated on:           Nov 06 2025  08:25:14 pm
  Module:                 picorv32_axi
  Technology library:     N16ADFP_StdCellss0p72v125c_ccs 100
  Operating conditions:   ss0p72v125c (balanced_tree)
  Wireload mode:          segmented
  Area mode:              timing library
============================================================

                                          
        Gate          Instances    Area                Library              
----------------------------------------------------------------------------
AN2D1BWP16P90LVT            162    41.990    N16ADFP_StdCellss0p72v125c_ccs 
AN3D1BWP16P90LVT              5     1.555    N16ADFP_StdCellss0p72v125c_ccs 
AN4D1BWP16P90LVT              3     1.089    N16ADFP_StdCellss0p72v125c_ccs 
AO21D1BWP16P90LVT            10     3.110    N16ADFP_StdCellss0p72v125c_ccs 
AO22D1BWP16P90LVT            36    16.796    N16ADFP_StdCellss0p72v125c_ccs 
AOAI211D1BWP16P90LVT          2     0.829    N16ADFP_StdCellss0p72v125c_ccs 
AOI211D1BWP16P90LVT          47    14.619    N16ADFP_StdCellss0p72v125c_ccs 
AOI21D1BWP16P90LVT           57    14.774    N16ADFP_StdCellss0p72v125c_ccs 
AOI221D1BWP16P90LVT          34    15.863    N16ADFP_StdCellss0p72v125c_ccs 
AOI222D1BWP16P90LVT         109    56.506    N16ADFP_StdCellss0p72v125c_ccs 
AOI22D1BWP16P90LVT         1322   411.195    N16ADFP_StdCellss0p72v125c_ccs 
AOI31D1BWP16P90LVT            2     0.622    N16ADFP_StdCellss0p72v125c_ccs 
AOI32D1BWP16P90LVT           58    21.047    N16ADFP_StdCellss0p72v125c_ccs 
CKND1BWP16P90LVT            127    19.751    N16ADFP_StdCellss0p72v125c_ccs 
DFQD2BWP16P90                30    27.994    N16ADFP_StdCellss0p72v125c_ccs 
DFQD2BWP16P90LVT            452   421.770    N16ADFP_StdCellss0p72v125c_ccs 
FA1D1BWP16P90LVT            119   123.379    N16ADFP_StdCellss0p72v125c_ccs 
IAO21D1BWP16P90LVT           72    22.395    N16ADFP_StdCellss0p72v125c_ccs 
IAOI21D1BWP16P90LVT           1     0.415    N16ADFP_StdCellss0p72v125c_ccs 
IIND4D1BWP16P90LVT            1     0.518    N16ADFP_StdCellss0p72v125c_ccs 
IND2D1BWP16P90LVT            44    11.405    N16ADFP_StdCellss0p72v125c_ccs 
IND3D1BWP16P90LVT            10     3.110    N16ADFP_StdCellss0p72v125c_ccs 
IND4D1BWP16P90LVT            10     3.629    N16ADFP_StdCellss0p72v125c_ccs 
INR2D1BWP16P90LVT           101    26.179    N16ADFP_StdCellss0p72v125c_ccs 
INR2D1BWP20P90                1     0.259    N16ADFP_StdCellss0p72v125c_ccs 
INR3D1BWP16P90LVT            19     5.910    N16ADFP_StdCellss0p72v125c_ccs 
INR4D1BWP16P90LVT             8     2.903    N16ADFP_StdCellss0p72v125c_ccs 
INVD1BWP16P90LVT             68    10.575    N16ADFP_StdCellss0p72v125c_ccs 
IOA21D1BWP16P90LVT          109    33.903    N16ADFP_StdCellss0p72v125c_ccs 
IOA22D1BWP16P90LVT           30    13.997    N16ADFP_StdCellss0p72v125c_ccs 
IOAI21D1BWP16P90LVT           1     0.415    N16ADFP_StdCellss0p72v125c_ccs 
MAOI222D1BWP16P90LVT         32    11.612    N16ADFP_StdCellss0p72v125c_ccs 
MAOI22D1BWP16P90LVT           1     0.467    N16ADFP_StdCellss0p72v125c_ccs 
MOAI22D1BWP16P90LVT          39    18.196    N16ADFP_StdCellss0p72v125c_ccs 
ND2D1BWP16P90LVT            257    53.292    N16ADFP_StdCellss0p72v125c_ccs 
ND2D1BWP20P90                 2     0.415    N16ADFP_StdCellss0p72v125c_ccs 
ND3D1BWP16P90LVT             86    22.291    N16ADFP_StdCellss0p72v125c_ccs 
ND4D1BWP16P90LVT            236    73.405    N16ADFP_StdCellss0p72v125c_ccs 
NR2D1BWP16P90LVT            267    55.365    N16ADFP_StdCellss0p72v125c_ccs 
NR2D1BWP20P90LVT              2     0.415    N16ADFP_StdCellss0p72v125c_ccs 
NR3D1BWP16P90LVT             12     3.110    N16ADFP_StdCellss0p72v125c_ccs 
NR3D1BWP20P90LVT              1     0.259    N16ADFP_StdCellss0p72v125c_ccs 
NR4D1BWP16P90LVT             13     4.044    N16ADFP_StdCellss0p72v125c_ccs 
OA21D1BWP16P90LVT            48    14.930    N16ADFP_StdCellss0p72v125c_ccs 
OAI211D1BWP16P90LVT          59    18.351    N16ADFP_StdCellss0p72v125c_ccs 
OAI21D1BWP16P90LVT           43    11.146    N16ADFP_StdCellss0p72v125c_ccs 
OAI22D1BWP16P90LVT           28     8.709    N16ADFP_StdCellss0p72v125c_ccs 
OAI31D1BWP16P90LVT            5     1.555    N16ADFP_StdCellss0p72v125c_ccs 
OAI32D1BWP16P90LVT            1     0.363    N16ADFP_StdCellss0p72v125c_ccs 
OAI33D1BWP16P90LVT            1     0.415    N16ADFP_StdCellss0p72v125c_ccs 
OAOI211D1BWP16P90LVT          4     1.659    N16ADFP_StdCellss0p72v125c_ccs 
OR2D1BWP16P90LVT             18     4.666    N16ADFP_StdCellss0p72v125c_ccs 
OR3D1BWP16P90LVT              6     1.866    N16ADFP_StdCellss0p72v125c_ccs 
OR3D1BWP20P90LVT              1     0.311    N16ADFP_StdCellss0p72v125c_ccs 
OR4D1BWP16P90LVT             35    12.701    N16ADFP_StdCellss0p72v125c_ccs 
SDFKCNQD2BWP16P90LVT         22    29.652    N16ADFP_StdCellss0p72v125c_ccs 
SDFQD2BWP16P90LVT          1055  1203.206    N16ADFP_StdCellss0p72v125c_ccs 
SDFQND2BWP16P90LVT            2     2.281    N16ADFP_StdCellss0p72v125c_ccs 
XNR2D1BWP16P90LVT             9     4.666    N16ADFP_StdCellss0p72v125c_ccs 
XNR4D1BWP16P90LVT             1     1.348    N16ADFP_StdCellss0p72v125c_ccs 
XOR2D1BWP16P90LVT            10     5.184    N16ADFP_StdCellss0p72v125c_ccs 
----------------------------------------------------------------------------
total                      5346  2894.383                                   


                                         
     Type      Instances   Area   Area % 
-----------------------------------------
sequential          1561 1684.904   58.2 
inverter             195   30.326    1.0 
logic               3590 1179.153   40.7 
physical_cells         0    0.000    0.0 
-----------------------------------------
total               5346 2894.383  100.0 

